<?xml version="1.0" encoding="UTF-8"?>
<testng-results skipped="0" failed="0" ignored="0" total="1" passed="1">
  <reporter-output>
  </reporter-output>
  <suite name="Default suite" duration-ms="36127" started-at="2019-06-25T12:50:58Z" finished-at="2019-06-25T12:51:35Z">
    <groups>
    </groups>
    <test name="Default test" duration-ms="36127" started-at="2019-06-25T12:50:58Z" finished-at="2019-06-25T12:51:35Z">
      <class name="com.training.sanity.tests.RETC_Register_011">
        <test-method status="PASS" signature="setUpBeforeClass()[pri:0, instance:com.training.sanity.tests.RETC_Register_011@7cd62f43]" name="setUpBeforeClass" is-config="true" duration-ms="21675" started-at="2019-06-25T12:50:58Z" finished-at="2019-06-25T12:51:20Z">
          <reporter-output>
          </reporter-output>
        </test-method> <!-- setUpBeforeClass -->
        <test-method status="PASS" signature="validLoginTest()[pri:0, instance:com.training.sanity.tests.RETC_Register_011@7cd62f43]" name="validLoginTest" duration-ms="10735" started-at="2019-06-25T12:51:20Z" finished-at="2019-06-25T12:51:31Z">
          <reporter-output>
          </reporter-output>
        </test-method> <!-- validLoginTest -->
        <test-method status="PASS" signature="tearDown()[pri:0, instance:com.training.sanity.tests.RETC_Register_011@7cd62f43]" name="tearDown" is-config="true" duration-ms="3665" started-at="2019-06-25T12:51:31Z" finished-at="2019-06-25T12:51:35Z">
          <reporter-output>
          </reporter-output>
        </test-method> <!-- tearDown -->
      </class> <!-- com.training.sanity.tests.RETC_Register_011 -->
    </test> <!-- Default test -->
  </suite> <!-- Default suite -->
</testng-results>
